cg.S-O0
cg.S-O1
cg.S-O2
cg.S-O3
cg.W-O0
cg.W-O1
cg.W-O2
cg.W-O3
cg.A-O0
cg.A-O1
cg.A-O2
cg.A-O3
cg.B-O0
cg.B-O1
cg.B-O2
cg.B-O3
cg.C-O0
cg.C-O1
cg.C-O2
cg.C-O3
cg.D-O0
cg.D-O1
cg.D-O2
cg.D-O3
ep.S-O0
ep.S-O1
ep.S-O2
ep.S-O3
ep.W-O0
ep.W-O1
ep.W-O2
ep.W-O3
ep.A-O0
ep.A-O1
ep.A-O2
ep.A-O3
ep.B-O0
ep.B-O1
ep.B-O2
ep.B-O3
ep.C-O0
ep.C-O1
ep.C-O2
ep.C-O3
ep.D-O0
ep.D-O1
ep.D-O2
ep.D-O3
cg.S-O0
cg.S-O1
cg.S-O2
cg.S-O3
cg.W-O0
cg.W-O1
cg.W-O2
cg.W-O3
cg.A-O0
cg.A-O1
cg.A-O2
cg.A-O3
cg.B-O0
cg.B-O1
cg.B-O2
cg.B-O3
cg.C-O0
cg.C-O1
cg.C-O2
cg.C-O3
cg.D-O0
cg.D-O1
cg.D-O2
cg.D-O3
ep.S-O0
ep.S-O1
ep.S-O2
ep.S-O3
ep.W-O0
ep.W-O1
ep.W-O2
ep.W-O3
ep.A-O0
ep.A-O1
ep.A-O2
ep.A-O3
ep.B-O0
ep.B-O1
ep.B-O2
ep.B-O3
ep.C-O0
ep.C-O1
ep.C-O2
ep.C-O3
ep.D-O0
ep.D-O1
ep.D-O2
ep.D-O3
ep.S-O0
ep.S-O1
ep.S-O2
ep.S-O3
ep.W-O0
ep.W-O1
ep.W-O2
ep.W-O3
ep.A-O0
ep.A-O1
ep.A-O2
ep.A-O3
ep.B-O0
ep.B-O1
ep.B-O2
ep.B-O3
ep.C-O0
ep.C-O1
ep.C-O2
ep.C-O3
ep.D-O0
ep.D-O1
ep.D-O2
ep.D-O3
ep.S-O0
ep.S-O1
ep.S-O2
ep.S-O3
ep.W-O0
ep.W-O1
ep.W-O2
ep.W-O3
ep.A-O0
ep.A-O1
ep.A-O2
ep.A-O3
ep.B-O0
ep.B-O1
ep.B-O2
ep.B-O3
ep.C-O0
ep.C-O1
ep.C-O2
ep.C-O3
ep.D-O0
ep.D-O1
ep.D-O2
ep.D-O3
ep.S-O0
ep.S-O1
ep.S-O2
ep.S-O3
ep.W-O0
ep.W-O1
ep.W-O2
ep.W-O3
ep.A-O0
ep.A-O1
ep.A-O2
ep.A-O3
ep.B-O0
ep.B-O1
ep.B-O2
ep.B-O3
ep.C-O0
ep.C-O1
ep.C-O2
ep.C-O3
ep.D-O0
ep.D-O1
ep.D-O2
ep.D-O3
